<?xml version="1.0" encoding="UTF-8"?>
<!-- Generated by org.testng.reporters.JUnitReportReporter -->
<testsuite hostname="2afac1096dc6" failures="0" tests="9" name="com.godvindockerhub.tests.vendorportal.VendorPortalTest" time="23.438" errors="0" timestamp="2024-07-10T20:01:08 GMT" skipped="0">
  <testcase classname="com.godvindockerhub.tests.vendorportal.VendorPortalTest" name="logoutTest" time="1.821"/>
  <testcase classname="com.godvindockerhub.tests.vendorportal.VendorPortalTest" name="logoutTest" time="1.315"/>
  <testcase classname="com.godvindockerhub.tests.vendorportal.VendorPortalTest" name="logintest" time="2.806"/>
  <testcase classname="com.godvindockerhub.tests.vendorportal.VendorPortalTest" name="dashboardTest" time="2.605"/>
  <testcase classname="com.godvindockerhub.tests.vendorportal.VendorPortalTest" name="dashboardTest" time="2.928"/>
  <testcase classname="com.godvindockerhub.tests.vendorportal.VendorPortalTest" name="logoutTest" time="1.293"/>
  <testcase classname="com.godvindockerhub.tests.vendorportal.VendorPortalTest" name="logintest" time="2.806"/>
  <testcase classname="com.godvindockerhub.tests.vendorportal.VendorPortalTest" name="logintest" time="3.256"/>
  <testcase classname="com.godvindockerhub.tests.vendorportal.VendorPortalTest" name="dashboardTest" time="4.608"/>
</testsuite> <!-- com.godvindockerhub.tests.vendorportal.VendorPortalTest -->
