<?xml version="1.0" encoding="UTF-8"?>
<!-- Generated by org.testng.reporters.JUnitReportReporter -->
<testsuite hostname="Going_Merry" failures="0" tests="20" name="com.godvindockerhub.tests.flightreservations.FlightReservationTest" time="34.455" errors="0" timestamp="2024-07-11T00:48:21 IST" skipped="0">
  <testcase classname="com.godvindockerhub.tests.flightreservations.FlightReservationTest" name="flightConfirmationTest" time="1.355"/>
  <testcase classname="com.godvindockerhub.tests.flightreservations.FlightReservationTest" name="registrationConfirmationTest" time="2.509"/>
  <testcase classname="com.godvindockerhub.tests.flightreservations.FlightReservationTest" name="flightsSearchTest" time="2.154"/>
  <testcase classname="com.godvindockerhub.tests.flightreservations.FlightReservationTest" name="registrationConfirmationTest" time="2.478"/>
  <testcase classname="com.godvindockerhub.tests.flightreservations.FlightReservationTest" name="userRegisterationTest" time="1.987"/>
  <testcase classname="com.godvindockerhub.tests.flightreservations.FlightReservationTest" name="registrationConfirmationTest" time="0.738"/>
  <testcase classname="com.godvindockerhub.tests.flightreservations.FlightReservationTest" name="flightConfirmationTest" time="2.335"/>
  <testcase classname="com.godvindockerhub.tests.flightreservations.FlightReservationTest" name="userRegisterationTest" time="1.844"/>
  <testcase classname="com.godvindockerhub.tests.flightreservations.FlightReservationTest" name="flightSelectionMethod" time="1.455"/>
  <testcase classname="com.godvindockerhub.tests.flightreservations.FlightReservationTest" name="flightConfirmationTest" time="1.276"/>
  <testcase classname="com.godvindockerhub.tests.flightreservations.FlightReservationTest" name="flightConfirmationTest" time="1.800"/>
  <testcase classname="com.godvindockerhub.tests.flightreservations.FlightReservationTest" name="flightSelectionMethod" time="1.445"/>
  <testcase classname="com.godvindockerhub.tests.flightreservations.FlightReservationTest" name="flightsSearchTest" time="2.080"/>
  <testcase classname="com.godvindockerhub.tests.flightreservations.FlightReservationTest" name="userRegisterationTest" time="1.894"/>
  <testcase classname="com.godvindockerhub.tests.flightreservations.FlightReservationTest" name="flightsSearchTest" time="1.600"/>
  <testcase classname="com.godvindockerhub.tests.flightreservations.FlightReservationTest" name="flightSelectionMethod" time="1.433"/>
  <testcase classname="com.godvindockerhub.tests.flightreservations.FlightReservationTest" name="flightsSearchTest" time="2.032"/>
  <testcase classname="com.godvindockerhub.tests.flightreservations.FlightReservationTest" name="userRegisterationTest" time="1.816"/>
  <testcase classname="com.godvindockerhub.tests.flightreservations.FlightReservationTest" name="flightSelectionMethod" time="0.887"/>
  <testcase classname="com.godvindockerhub.tests.flightreservations.FlightReservationTest" name="registrationConfirmationTest" time="1.337"/>
</testsuite> <!-- com.godvindockerhub.tests.flightreservations.FlightReservationTest -->
